Arguments: 
  /usr/local/bin/node /usr/local/bin/yarn add --dev babel-jest @babel/core @bable/preset-env

PATH: 
  /Users/msrx9/opt/anaconda3/bin:/usr/local/opt/mysql-client/bin:/usr/local/opt/mysql-client/bin:/usr/local/opt/mysql-client/bin:/usr/local/opt/mysql-client/bin:/usr/local/opt/mysql-client/bin:/usr/local/opt/mysql-client/bin:/usr/local/opt/mysql-client/bin:/usr/local/opt/mysql-client/bin:/usr/local/opt/mysql-client/bin:/usr/local/opt/mysql-client/bin:/usr/local/opt/mysql-client/bin:/Users/mba/anaconda3/bin:/Users/msrx9/.pyenv/bin:/Users/msrx9/.nodebrew/current/bin:/usr/local/bin:/usr/bin:/bin:/usr/sbin:/sbin:/opt/X11/bin:/Library/Apple/usr/bin:/Users/msrx9/opt/anaconda3/condabin:/usr/local/opt/mysql-client/bin:/Users/mba/anaconda3/bin:/Users/msrx9/.pyenv/bin:/Users/msrx9/.nodebrew/current/bin:/Users/msrx9/development/flutter/bin:/Users/msrx9/development/flutter/bin

Yarn version: 
  1.22.17

Node version: 
  16.13.2

Platform: 
  darwin x64

Trace: 
  Error: https://registry.yarnpkg.com/@bable%2fpreset-env: Not found
      at Request.params.callback [as _callback] (/usr/local/lib/node_modules/yarn/lib/cli.js:67029:18)
      at Request.self.callback (/usr/local/lib/node_modules/yarn/lib/cli.js:140883:22)
      at Request.emit (node:events:390:28)
      at Request.<anonymous> (/usr/local/lib/node_modules/yarn/lib/cli.js:141855:10)
      at Request.emit (node:events:390:28)
      at IncomingMessage.<anonymous> (/usr/local/lib/node_modules/yarn/lib/cli.js:141777:12)
      at Object.onceWrapper (node:events:509:28)
      at IncomingMessage.emit (node:events:402:35)
      at endReadableNT (node:internal/streams/readable:1343:12)
      at processTicksAndRejections (node:internal/process/task_queues:83:21)

npm manifest: 
  {
    "scripts": {
      "test": "jest"
    },
    "devDependencies": {
      "jest": "^27.5.0"
    }
  }

yarn manifest: 
  No manifest

Lockfile: 
  No lockfile
